<?xml version="1.0" encoding="UTF-8"?>
<testsuite xmlns:xsi="http://www.w3.org/2001/XMLSchema-instance" xsi:noNamespaceSchemaLocation="https://maven.apache.org/surefire/maven-surefire-plugin/xsd/surefire-test-report.xsd" name="com.automation.training.CucumberTest" time="172.546" tests="3" errors="0" skipped="0" failures="0">
  <properties>
[...]
</properties>
  <testcase name="New user creation" classname="Create a new account for a user" time="35.795"/>
  <testcase name="User Sign in to My store and logs out after verifying the cart" classname="Sign in as a registered user and logout" time="82.252"/>
  <testcase name="User Sign in to My store" classname="Sign in as a registered user" time="53.45"/>
</testsuite>