<?xml version="1.0" encoding="UTF-8"?>
<testsuite xmlns:xsi="http://www.w3.org/2001/XMLSchema-instance" xsi:noNamespaceSchemaLocation="https://maven.apache.org/surefire/maven-surefire-plugin/xsd/surefire-test-report.xsd" name="com.automation.training.CucumberTest" time="140.019" tests="3" errors="2" skipped="0" failures="0">
  <properties>
[...]
</properties>
  <testcase name="New user creation" classname="Create a new account for a user" time="36.616"/>
  <testcase name="User Sign in to My store and logs out after verifying the cart" classname="Sign in as a registered user and logout" time="48.447">
    <error message="no such element: Unable to locate element: {&quot;method&quot;:&quot;xpath&quot;,&quot;selector&quot;:&quot;/html/body/div/div[2]/div/div[3]/div[2]/ul/li[2]/div/div[1]/div/a[1]/img&quot;}&#10;  (Session info: chrome=80.0.3987.132)&#10;For documentation on this error, please visit: http://seleniumhq.org/exceptions/no_such_element.html&#10;Build info: version: &apos;3.141.0&apos;, revision: &apos;2ecb7d9a&apos;, time: &apos;2018-10-31T20:09:30&apos;&#10;System info: host: &apos;AMAC02WC58AHTD6&apos;, ip: &apos;172.22.92.194&apos;, os.name: &apos;Mac OS X&apos;, os.arch: &apos;x86_64&apos;, os.version: &apos;10.14.6&apos;, java.version: &apos;13.0.2&apos;&#10;Driver info: org.openqa.selenium.chrome.ChromeDriver&#10;Capabilities {acceptInsecureCerts: false, browserName: chrome, browserVersion: 80.0.3987.132, chrome: {chromedriverVersion: 79.0.3945.36 (3582db32b3389..., userDataDir: /var/folders/7d/_7xsb9p506x...}, goog:chromeOptions: {debuggerAddress: localhost:65413}, javascriptEnabled: true, networkConnectionEnabled: false, pageLoadStrategy: normal, platform: MAC, platformName: MAC, proxy: Proxy(), setWindowRect: true, strictFileInteractability: false, timeouts: {implicit: 0, pageLoad: 300000, script: 30000}, unhandledPromptBehavior: dismiss and notify}&#10;Session ID: 5e73a087123bf23fa0ed0ebab49564c6&#10;*** Element info: {Using=xpath, value=/html/body/div/div[2]/div/div[3]/div[2]/ul/li[2]/div/div[1]/div/a[1]/img}" type="org.openqa.selenium.NoSuchElementException">org.openqa.selenium.NoSuchElementException: 
no such element: Unable to locate element: {"method":"xpath","selector":"/html/body/div/div[2]/div/div[3]/div[2]/ul/li[2]/div/div[1]/div/a[1]/img"}
  (Session info: chrome=80.0.3987.132)
For documentation on this error, please visit: http://seleniumhq.org/exceptions/no_such_element.html
Build info: version: '3.141.0', revision: '2ecb7d9a', time: '2018-10-31T20:09:30'
System info: host: 'AMAC02WC58AHTD6', ip: '172.22.92.194', os.name: 'Mac OS X', os.arch: 'x86_64', os.version: '10.14.6', java.version: '13.0.2'
Driver info: org.openqa.selenium.chrome.ChromeDriver
Capabilities {acceptInsecureCerts: false, browserName: chrome, browserVersion: 80.0.3987.132, chrome: {chromedriverVersion: 79.0.3945.36 (3582db32b3389..., userDataDir: /var/folders/7d/_7xsb9p506x...}, goog:chromeOptions: {debuggerAddress: localhost:65413}, javascriptEnabled: true, networkConnectionEnabled: false, pageLoadStrategy: normal, platform: MAC, platformName: MAC, proxy: Proxy(), setWindowRect: true, strictFileInteractability: false, timeouts: {implicit: 0, pageLoad: 300000, script: 30000}, unhandledPromptBehavior: dismiss and notify}
Session ID: 5e73a087123bf23fa0ed0ebab49564c6
*** Element info: {Using=xpath, value=/html/body/div/div[2]/div/div[3]/div[2]/ul/li[2]/div/div[1]/div/a[1]/img}
</error>
    <system-out><![CDATA[
@cuketest
Feature: Sign in as a registered user and logout

  @cuketest
  Scenario: User Sign in to My store and logs out after verifying the cart &amp#27;[90m# src/test/java/com/automation/resources/features/LogoutAndLoginBack.feature:4&amp#27;[0m
Loaded Page : http://automationpractice.com/index.php
    &amp#27;[32mGiven &amp#27;[0m&amp#27;[32mI am on MyStoreHome Page&amp#27;[0m                                         &amp#27;[90m# RegistrationSteps.i_am_on_MyStoreHome_Page(DataTable)&amp#27;[0m
    &amp#27;[32mWhen &amp#27;[0m&amp#27;[32mI click on Sign In Button&amp#27;[0m                                         &amp#27;[90m# RegistrationSteps.i_click_on_Sign_In_Button()&amp#27;[0m
    &amp#27;[32mAnd &amp#27;[0m&amp#27;[32mI enter &amp#27;[0m&amp#27;[32m&amp#27;[1m"autouser1@automation.com"&amp#27;[0m&amp#27;[32m as my sign in email Address&amp#27;[0m     &amp#27;[90m# RegistrationSteps.i_enter_as_my_sign_in_email_Address(String)&amp#27;[0m
    &amp#27;[32mAnd &amp#27;[0m&amp#27;[32mI enter &amp#27;[0m&amp#27;[32m&amp#27;[1m"123456"&amp#27;[0m&amp#27;[32m as my password&amp#27;[0m                                    &amp#27;[90m# RegistrationSteps.i_enter_as_my_password(String)&amp#27;[0m
    &amp#27;[32mAnd &amp#27;[0m&amp#27;[32mI click on Login Button&amp#27;[0m                                            &amp#27;[90m# RegistrationSteps.i_click_on_Login_Button()&amp#27;[0m
    &amp#27;[32mAnd &amp#27;[0m&amp#27;[32mI click on Dresses Tab&amp#27;[0m                                             &amp#27;[90m# RegistrationSteps.i_click_on_Dresses_Tab()&amp#27;[0m
    &amp#27;[31mAnd &amp#27;[0m&amp#27;[31mI add the Expensive Dress to cart&amp#27;[0m                                  &amp#27;[90m# RegistrationSteps.i_add_the_Expensive_Dress_to_cart()&amp#27;[0m
      &amp#27;[31morg.openqa.selenium.NoSuchElementException: no such element: Unable to locate element: {"method":"xpath","selector":"/html/body/div/div[2]/div/div[3]/div[2]/ul/li[2]/div/div[1]/div/a[1]/img"}
  (Session info: chrome=80.0.3987.132)
For documentation on this error, please visit: http://seleniumhq.org/exceptions/no_such_element.html
Build info: version: '3.141.0', revision: '2ecb7d9a', time: '2018-10-31T20:09:30'
System info: host: 'AMAC02WC58AHTD6', ip: '172.22.92.194', os.name: 'Mac OS X', os.arch: 'x86_64', os.version: '10.14.6', java.version: '13.0.2'
Driver info: org.openqa.selenium.chrome.ChromeDriver
Capabilities {acceptInsecureCerts: false, browserName: chrome, browserVersion: 80.0.3987.132, chrome: {chromedriverVersion: 79.0.3945.36 (3582db32b3389..., userDataDir: /var/folders/7d/_7xsb9p506x...}, goog:chromeOptions: {debuggerAddress: localhost:65413}, javascriptEnabled: true, networkConnectionEnabled: false, pageLoadStrategy: normal, platform: MAC, platformName: MAC, proxy: Proxy(), setWindowRect: true, strictFileInteractability: false, timeouts: {implicit: 0, pageLoad: 300000, script: 30000}, unhandledPromptBehavior: dismiss and notify}
Session ID: 5e73a087123bf23fa0ed0ebab49564c6
*** Element info: {Using=xpath, value=/html/body/div/div[2]/div/div[3]/div[2]/ul/li[2]/div/div[1]/div/a[1]/img}
	at java.base/jdk.internal.reflect.NativeConstructorAccessorImpl.newInstance0(Native Method)
	at java.base/jdk.internal.reflect.NativeConstructorAccessorImpl.newInstance(NativeConstructorAccessorImpl.java:62)
	at java.base/jdk.internal.reflect.DelegatingConstructorAccessorImpl.newInstance(DelegatingConstructorAccessorImpl.java:45)
	at java.base/java.lang.reflect.Constructor.newInstanceWithCaller(Constructor.java:500)
	at java.base/java.lang.reflect.Constructor.newInstance(Constructor.java:481)
	at org.openqa.selenium.remote.http.W3CHttpResponseCodec.createException(W3CHttpResponseCodec.java:187)
	at org.openqa.selenium.remote.http.W3CHttpResponseCodec.decode(W3CHttpResponseCodec.java:122)
	at org.openqa.selenium.remote.http.W3CHttpResponseCodec.decode(W3CHttpResponseCodec.java:49)
	at org.openqa.selenium.remote.HttpCommandExecutor.execute(HttpCommandExecutor.java:158)
	at org.openqa.selenium.remote.service.DriverCommandExecutor.execute(DriverCommandExecutor.java:83)
	at org.openqa.selenium.remote.RemoteWebDriver.execute(RemoteWebDriver.java:552)
	at org.openqa.selenium.remote.RemoteWebDriver.findElement(RemoteWebDriver.java:323)
	at org.openqa.selenium.remote.RemoteWebDriver.findElementByXPath(RemoteWebDriver.java:428)
	at org.openqa.selenium.By$ByXPath.findElement(By.java:353)
	at org.openqa.selenium.remote.RemoteWebDriver.findElement(RemoteWebDriver.java:315)
	at org.openqa.selenium.support.pagefactory.DefaultElementLocator.findElement(DefaultElementLocator.java:69)
	at org.openqa.selenium.support.pagefactory.internal.LocatingElementHandler.invoke(LocatingElementHandler.java:38)
	at com.sun.proxy.$Proxy21.click(Unknown Source)
	at com.automation.training.pages.RegistrationPage.clickAddToCart(RegistrationPage.java:138)
	at com.automation.training.steps.RegistrationSteps.i_add_the_Expensive_Dress_to_cart(RegistrationSteps.java:103)
	at ✽.I add the Expensive Dress to cart(file:src/test/java/com/automation/resources/features/LogoutAndLoginBack.feature:14)
&amp#27;[0m
    &amp#27;[36mAnd &amp#27;[0m&amp#27;[36mI click on add to the cart&amp#27;[0m                                         &amp#27;[90m# RegistrationSteps.i_click_on_add_to_the_cart()&amp#27;[0m
    &amp#27;[36mThen &amp#27;[0m&amp#27;[36mI click on Sign Out Button&amp#27;[0m                                        &amp#27;[90m# RegistrationSteps.iClickOnSignOutButton()&amp#27;[0m
    &amp#27;[36mAnd &amp#27;[0m&amp#27;[36mI click on Login Button&amp#27;[0m                                            &amp#27;[90m# RegistrationSteps.i_click_on_Login_Button()&amp#27;[0m
    &amp#27;[36mAnd &amp#27;[0m&amp#27;[36mI enter &amp#27;[0m&amp#27;[36m&amp#27;[1m"autouser1@automation.com"&amp#27;[0m&amp#27;[36m as my sign in email Address&amp#27;[0m     &amp#27;[90m# RegistrationSteps.i_enter_as_my_sign_in_email_Address(String)&amp#27;[0m
    &amp#27;[36mAnd &amp#27;[0m&amp#27;[36mI enter &amp#27;[0m&amp#27;[36m&amp#27;[1m"123456"&amp#27;[0m&amp#27;[36m as my password&amp#27;[0m                                    &amp#27;[90m# RegistrationSteps.i_enter_as_my_password(String)&amp#27;[0m
    &amp#27;[36mAnd &amp#27;[0m&amp#27;[36mI click on Login Button&amp#27;[0m                                            &amp#27;[90m# RegistrationSteps.i_click_on_Login_Button()&amp#27;[0m
    &amp#27;[36mAnd &amp#27;[0m&amp#27;[36mI click on View shopping cart&amp#27;[0m                                      &amp#27;[90m# RegistrationSteps.iClickOnViewShoppingCart()&amp#27;[0m
]]></system-out>
    <system-err><![CDATA[Starting ChromeDriver 79.0.3945.36 (3582db32b33893869b8c1339e8f4d9ed1816f143-refs/branch-heads/3945@{#614}) on port 39446
Only local connections are allowed.
Please protect ports used by ChromeDriver and related test frameworks to prevent access by malicious code.
[1583426055.982][WARNING]: This version of ChromeDriver has not been tested with Chrome version 80.
Mar 05, 2020 4:34:16 PM org.openqa.selenium.remote.ProtocolHandshake createSession
INFO: Detected dialect: W3C
]]></system-err>
  </testcase>
  <testcase name="User Sign in to My store" classname="Sign in as a registered user" time="53.788">
    <error message="no such element: Unable to locate element: {&quot;method&quot;:&quot;xpath&quot;,&quot;selector&quot;:&quot;/html/body/div/div[2]/div/div[3]/div[2]/ul/li[2]/div/div[1]/div/a[1]/img&quot;}&#10;  (Session info: chrome=80.0.3987.132)&#10;For documentation on this error, please visit: http://seleniumhq.org/exceptions/no_such_element.html&#10;Build info: version: &apos;3.141.0&apos;, revision: &apos;2ecb7d9a&apos;, time: &apos;2018-10-31T20:09:30&apos;&#10;System info: host: &apos;AMAC02WC58AHTD6&apos;, ip: &apos;172.22.92.194&apos;, os.name: &apos;Mac OS X&apos;, os.arch: &apos;x86_64&apos;, os.version: &apos;10.14.6&apos;, java.version: &apos;13.0.2&apos;&#10;Driver info: org.openqa.selenium.chrome.ChromeDriver&#10;Capabilities {acceptInsecureCerts: false, browserName: chrome, browserVersion: 80.0.3987.132, chrome: {chromedriverVersion: 79.0.3945.36 (3582db32b3389..., userDataDir: /var/folders/7d/_7xsb9p506x...}, goog:chromeOptions: {debuggerAddress: localhost:65447}, javascriptEnabled: true, networkConnectionEnabled: false, pageLoadStrategy: normal, platform: MAC, platformName: MAC, proxy: Proxy(), setWindowRect: true, strictFileInteractability: false, timeouts: {implicit: 0, pageLoad: 300000, script: 30000}, unhandledPromptBehavior: dismiss and notify}&#10;Session ID: 584493e9991e612b50d667334d05a0d0&#10;*** Element info: {Using=xpath, value=/html/body/div/div[2]/div/div[3]/div[2]/ul/li[2]/div/div[1]/div/a[1]/img}" type="org.openqa.selenium.NoSuchElementException">org.openqa.selenium.NoSuchElementException: 
no such element: Unable to locate element: {"method":"xpath","selector":"/html/body/div/div[2]/div/div[3]/div[2]/ul/li[2]/div/div[1]/div/a[1]/img"}
  (Session info: chrome=80.0.3987.132)
For documentation on this error, please visit: http://seleniumhq.org/exceptions/no_such_element.html
Build info: version: '3.141.0', revision: '2ecb7d9a', time: '2018-10-31T20:09:30'
System info: host: 'AMAC02WC58AHTD6', ip: '172.22.92.194', os.name: 'Mac OS X', os.arch: 'x86_64', os.version: '10.14.6', java.version: '13.0.2'
Driver info: org.openqa.selenium.chrome.ChromeDriver
Capabilities {acceptInsecureCerts: false, browserName: chrome, browserVersion: 80.0.3987.132, chrome: {chromedriverVersion: 79.0.3945.36 (3582db32b3389..., userDataDir: /var/folders/7d/_7xsb9p506x...}, goog:chromeOptions: {debuggerAddress: localhost:65447}, javascriptEnabled: true, networkConnectionEnabled: false, pageLoadStrategy: normal, platform: MAC, platformName: MAC, proxy: Proxy(), setWindowRect: true, strictFileInteractability: false, timeouts: {implicit: 0, pageLoad: 300000, script: 30000}, unhandledPromptBehavior: dismiss and notify}
Session ID: 584493e9991e612b50d667334d05a0d0
*** Element info: {Using=xpath, value=/html/body/div/div[2]/div/div[3]/div[2]/ul/li[2]/div/div[1]/div/a[1]/img}
</error>
    <system-out><![CDATA[
@cuketest
Feature: Sign in as a registered user

  @cuketest
  Scenario: User Sign in to My store                                   &amp#27;[90m# src/test/java/com/automation/resources/features/SignInAndAddMostExpensiveDressToCart.feature:4&amp#27;[0m
Loaded Page : http://automationpractice.com/index.php
    &amp#27;[32mGiven &amp#27;[0m&amp#27;[32mI am on MyStoreHome Page&amp#27;[0m                                     &amp#27;[90m# RegistrationSteps.i_am_on_MyStoreHome_Page(DataTable)&amp#27;[0m
    &amp#27;[32mWhen &amp#27;[0m&amp#27;[32mI click on Sign In Button&amp#27;[0m                                     &amp#27;[90m# RegistrationSteps.i_click_on_Sign_In_Button()&amp#27;[0m
    &amp#27;[32mAnd &amp#27;[0m&amp#27;[32mI enter &amp#27;[0m&amp#27;[32m&amp#27;[1m"autouser1@automation.com"&amp#27;[0m&amp#27;[32m as my sign in email Address&amp#27;[0m &amp#27;[90m# RegistrationSteps.i_enter_as_my_sign_in_email_Address(String)&amp#27;[0m
    &amp#27;[32mAnd &amp#27;[0m&amp#27;[32mI enter &amp#27;[0m&amp#27;[32m&amp#27;[1m"123456"&amp#27;[0m&amp#27;[32m as my password&amp#27;[0m                                &amp#27;[90m# RegistrationSteps.i_enter_as_my_password(String)&amp#27;[0m
    &amp#27;[32mAnd &amp#27;[0m&amp#27;[32mI click on Login Button&amp#27;[0m                                        &amp#27;[90m# RegistrationSteps.i_click_on_Login_Button()&amp#27;[0m
    &amp#27;[32mAnd &amp#27;[0m&amp#27;[32mI click on Dresses Tab&amp#27;[0m                                         &amp#27;[90m# RegistrationSteps.i_click_on_Dresses_Tab()&amp#27;[0m
    &amp#27;[31mAnd &amp#27;[0m&amp#27;[31mI add the Expensive Dress to cart&amp#27;[0m                              &amp#27;[90m# RegistrationSteps.i_add_the_Expensive_Dress_to_cart()&amp#27;[0m
      &amp#27;[31morg.openqa.selenium.NoSuchElementException: no such element: Unable to locate element: {"method":"xpath","selector":"/html/body/div/div[2]/div/div[3]/div[2]/ul/li[2]/div/div[1]/div/a[1]/img"}
  (Session info: chrome=80.0.3987.132)
For documentation on this error, please visit: http://seleniumhq.org/exceptions/no_such_element.html
Build info: version: '3.141.0', revision: '2ecb7d9a', time: '2018-10-31T20:09:30'
System info: host: 'AMAC02WC58AHTD6', ip: '172.22.92.194', os.name: 'Mac OS X', os.arch: 'x86_64', os.version: '10.14.6', java.version: '13.0.2'
Driver info: org.openqa.selenium.chrome.ChromeDriver
Capabilities {acceptInsecureCerts: false, browserName: chrome, browserVersion: 80.0.3987.132, chrome: {chromedriverVersion: 79.0.3945.36 (3582db32b3389..., userDataDir: /var/folders/7d/_7xsb9p506x...}, goog:chromeOptions: {debuggerAddress: localhost:65447}, javascriptEnabled: true, networkConnectionEnabled: false, pageLoadStrategy: normal, platform: MAC, platformName: MAC, proxy: Proxy(), setWindowRect: true, strictFileInteractability: false, timeouts: {implicit: 0, pageLoad: 300000, script: 30000}, unhandledPromptBehavior: dismiss and notify}
Session ID: 584493e9991e612b50d667334d05a0d0
*** Element info: {Using=xpath, value=/html/body/div/div[2]/div/div[3]/div[2]/ul/li[2]/div/div[1]/div/a[1]/img}
	at java.base/jdk.internal.reflect.NativeConstructorAccessorImpl.newInstance0(Native Method)
	at java.base/jdk.internal.reflect.NativeConstructorAccessorImpl.newInstance(NativeConstructorAccessorImpl.java:62)
	at java.base/jdk.internal.reflect.DelegatingConstructorAccessorImpl.newInstance(DelegatingConstructorAccessorImpl.java:45)
	at java.base/java.lang.reflect.Constructor.newInstanceWithCaller(Constructor.java:500)
	at java.base/java.lang.reflect.Constructor.newInstance(Constructor.java:481)
	at org.openqa.selenium.remote.http.W3CHttpResponseCodec.createException(W3CHttpResponseCodec.java:187)
	at org.openqa.selenium.remote.http.W3CHttpResponseCodec.decode(W3CHttpResponseCodec.java:122)
	at org.openqa.selenium.remote.http.W3CHttpResponseCodec.decode(W3CHttpResponseCodec.java:49)
	at org.openqa.selenium.remote.HttpCommandExecutor.execute(HttpCommandExecutor.java:158)
	at org.openqa.selenium.remote.service.DriverCommandExecutor.execute(DriverCommandExecutor.java:83)
	at org.openqa.selenium.remote.RemoteWebDriver.execute(RemoteWebDriver.java:552)
	at org.openqa.selenium.remote.RemoteWebDriver.findElement(RemoteWebDriver.java:323)
	at org.openqa.selenium.remote.RemoteWebDriver.findElementByXPath(RemoteWebDriver.java:428)
	at org.openqa.selenium.By$ByXPath.findElement(By.java:353)
	at org.openqa.selenium.remote.RemoteWebDriver.findElement(RemoteWebDriver.java:315)
	at org.openqa.selenium.support.pagefactory.DefaultElementLocator.findElement(DefaultElementLocator.java:69)
	at org.openqa.selenium.support.pagefactory.internal.LocatingElementHandler.invoke(LocatingElementHandler.java:38)
	at com.sun.proxy.$Proxy21.click(Unknown Source)
	at com.automation.training.pages.RegistrationPage.clickAddToCart(RegistrationPage.java:138)
	at com.automation.training.steps.RegistrationSteps.i_add_the_Expensive_Dress_to_cart(RegistrationSteps.java:103)
	at ✽.I add the Expensive Dress to cart(file:src/test/java/com/automation/resources/features/SignInAndAddMostExpensiveDressToCart.feature:14)
&amp#27;[0m
    &amp#27;[36mAnd &amp#27;[0m&amp#27;[36mI click on add to the cart&amp#27;[0m                                     &amp#27;[90m# RegistrationSteps.i_click_on_add_to_the_cart()&amp#27;[0m
]]></system-out>
    <system-err><![CDATA[Starting ChromeDriver 79.0.3945.36 (3582db32b33893869b8c1339e8f4d9ed1816f143-refs/branch-heads/3945@{#614}) on port 30042
Only local connections are allowed.
Please protect ports used by ChromeDriver and related test frameworks to prevent access by malicious code.
[1583426104.358][WARNING]: This version of ChromeDriver has not been tested with Chrome version 80.
Mar 05, 2020 4:35:04 PM org.openqa.selenium.remote.ProtocolHandshake createSession
INFO: Detected dialect: W3C
]]></system-err>
  </testcase>
</testsuite>